start
{'Id': 1, 'Date': datetime.date(2017, 10, 12), 'InGroupCount': 0, 'InGroupIdList': '', 'SignInCount': 0, 'SignInIdList': '', 'OutGroupCount': 0, 'OutGroupIdList': '', 'ProjectId': 292, 'CreateTime': datetime.datetime(2017, 10, 12, 19, 6, 22)}
{'Id': 2, 'Date': datetime.date(2017, 10, 12), 'InGroupCount': 0, 'InGroupIdList': '', 'SignInCount': 0, 'SignInIdList': '', 'OutGroupCount': 0, 'OutGroupIdList': '', 'ProjectId': 286, 'CreateTime': datetime.datetime(2017, 10, 12, 19, 6, 22)}
{'Id': 3, 'Date': datetime.date(2017, 10, 12), 'InGroupCount': 0, 'InGroupIdList': '', 'SignInCount': 0, 'SignInIdList': '', 'OutGroupCount': 0, 'OutGroupIdList': '', 'ProjectId': 270, 'CreateTime': datetime.datetime(2017, 10, 12, 19, 6, 22)}
{'Id': 4, 'Date': datetime.date(2017, 10, 12), 'InGroupCount': 0, 'InGroupIdList': '', 'SignInCount': 0, 'SignInIdList': '', 'OutGroupCount': 0, 'OutGroupIdList': '', 'ProjectId': 272, 'CreateTime': datetime.datetime(2017, 10, 12, 19, 6, 22)}
{'Id': 5, 'Date': datetime.date(2017, 10, 12), 'InGroupCount': 0, 'InGroupIdList': '', 'SignInCount': 0, 'SignInIdList': '', 'OutGroupCount': 0, 'OutGroupIdList': '', 'ProjectId': 290, 'CreateTime': datetime.datetime(2017, 10, 12, 19, 6, 23)}
{'Id': 6, 'Date': datetime.date(2017, 10, 12), 'InGroupCount': 0, 'InGroupIdList': '', 'SignInCount': 0, 'SignInIdList': '', 'OutGroupCount': 0, 'OutGroupIdList': '', 'ProjectId': 288, 'CreateTime': datetime.datetime(2017, 10, 12, 19, 6, 23)}
{'Id': 7, 'Date': datetime.date(2017, 10, 12), 'InGroupCount': 0, 'InGroupIdList': '', 'SignInCount': 0, 'SignInIdList': '', 'OutGroupCount': 0, 'OutGroupIdList': '', 'ProjectId': 276, 'CreateTime': datetime.datetime(2017, 10, 12, 19, 6, 23)}
{'Id': 8, 'Date': datetime.date(2017, 10, 12), 'InGroupCount': 0, 'InGroupIdList': '', 'SignInCount': 0, 'SignInIdList': '', 'OutGroupCount': 0, 'OutGroupIdList': '', 'ProjectId': 460, 'CreateTime': datetime.datetime(2017, 10, 12, 19, 6, 23)}
{'Id': 9, 'Date': datetime.date(2017, 10, 12), 'InGroupCount': 0, 'InGroupIdList': '', 'SignInCount': 0, 'SignInIdList': '', 'OutGroupCount': 0, 'OutGroupIdList': '', 'ProjectId': 462, 'CreateTime': datetime.datetime(2017, 10, 12, 19, 6, 23)}
{'Id': 10, 'Date': datetime.date(2017, 10, 12), 'InGroupCount': 0, 'InGroupIdList': '', 'SignInCount': 0, 'SignInIdList': '', 'OutGroupCount': 0, 'OutGroupIdList': '', 'ProjectId': 464, 'CreateTime': datetime.datetime(2017, 10, 12, 19, 6, 23)}
{'Id': 11, 'Date': datetime.date(2017, 10, 12), 'InGroupCount': 0, 'InGroupIdList': '', 'SignInCount': 0, 'SignInIdList': '', 'OutGroupCount': 0, 'OutGroupIdList': '', 'ProjectId': 466, 'CreateTime': datetime.datetime(2017, 10, 12, 19, 6, 23)}
{'Id': 12, 'Date': datetime.date(2017, 10, 13), 'InGroupCount': 0, 'InGroupIdList': '', 'SignInCount': 0, 'SignInIdList': '', 'OutGroupCount': 0, 'OutGroupIdList': '', 'ProjectId': 292, 'CreateTime': datetime.datetime(2017, 10, 13, 6, 0, 9)}
{'Id': 13, 'Date': datetime.date(2017, 10, 13), 'InGroupCount': 0, 'InGroupIdList': '', 'SignInCount': 0, 'SignInIdList': '', 'OutGroupCount': 0, 'OutGroupIdList': '', 'ProjectId': 286, 'CreateTime': datetime.datetime(2017, 10, 13, 6, 0, 9)}
{'Id': 14, 'Date': datetime.date(2017, 10, 13), 'InGroupCount': 0, 'InGroupIdList': '', 'SignInCount': 0, 'SignInIdList': '', 'OutGroupCount': 0, 'OutGroupIdList': '', 'ProjectId': 270, 'CreateTime': datetime.datetime(2017, 10, 13, 6, 0, 9)}
{'Id': 15, 'Date': datetime.date(2017, 10, 13), 'InGroupCount': 0, 'InGroupIdList': '', 'SignInCount': 0, 'SignInIdList': '', 'OutGroupCount': 0, 'OutGroupIdList': '', 'ProjectId': 272, 'CreateTime': datetime.datetime(2017, 10, 13, 6, 0, 9)}
{'Id': 16, 'Date': datetime.date(2017, 10, 13), 'InGroupCount': 0, 'InGroupIdList': '', 'SignInCount': 0, 'SignInIdList': '', 'OutGroupCount': 0, 'OutGroupIdList': '', 'ProjectId': 290, 'CreateTime': datetime.datetime(2017, 10, 13, 6, 0, 9)}
{'Id': 17, 'Date': datetime.date(2017, 10, 13), 'InGroupCount': 0, 'InGroupIdList': '', 'SignInCount': 0, 'SignInIdList': '', 'OutGroupCount': 0, 'OutGroupIdList': '', 'ProjectId': 288, 'CreateTime': datetime.datetime(2017, 10, 13, 6, 0, 9)}
{'Id': 18, 'Date': datetime.date(2017, 10, 13), 'InGroupCount': 0, 'InGroupIdList': '', 'SignInCount': 0, 'SignInIdList': '', 'OutGroupCount': 0, 'OutGroupIdList': '', 'ProjectId': 276, 'CreateTime': datetime.datetime(2017, 10, 13, 6, 0, 9)}
{'Id': 19, 'Date': datetime.date(2017, 10, 13), 'InGroupCount': 0, 'InGroupIdList': '', 'SignInCount': 0, 'SignInIdList': '', 'OutGroupCount': 0, 'OutGroupIdList': '', 'ProjectId': 460, 'CreateTime': datetime.datetime(2017, 10, 13, 6, 0, 9)}
{'Id': 20, 'Date': datetime.date(2017, 10, 13), 'InGroupCount': 0, 'InGroupIdList': '', 'SignInCount': 0, 'SignInIdList': '', 'OutGroupCount': 0, 'OutGroupIdList': '', 'ProjectId': 462, 'CreateTime': datetime.datetime(2017, 10, 13, 6, 0, 9)}
{'Id': 21, 'Date': datetime.date(2017, 10, 13), 'InGroupCount': 0, 'InGroupIdList': '', 'SignInCount': 0, 'SignInIdList': '', 'OutGroupCount': 0, 'OutGroupIdList': '', 'ProjectId': 464, 'CreateTime': datetime.datetime(2017, 10, 13, 6, 0, 9)}
{'Id': 22, 'Date': datetime.date(2017, 10, 13), 'InGroupCount': 0, 'InGroupIdList': '', 'SignInCount': 0, 'SignInIdList': '', 'OutGroupCount': 0, 'OutGroupIdList': '', 'ProjectId': 466, 'CreateTime': datetime.datetime(2017, 10, 13, 6, 0, 9)}
{'Id': 23, 'Date': datetime.date(2017, 10, 14), 'InGroupCount': 0, 'InGroupIdList': '', 'SignInCount': 0, 'SignInIdList': '', 'OutGroupCount': 0, 'OutGroupIdList': '', 'ProjectId': 292, 'CreateTime': datetime.datetime(2017, 10, 14, 6, 0, 4)}
{'Id': 24, 'Date': datetime.date(2017, 10, 14), 'InGroupCount': 0, 'InGroupIdList': '', 'SignInCount': 0, 'SignInIdList': '', 'OutGroupCount': 0, 'OutGroupIdList': '', 'ProjectId': 286, 'CreateTime': datetime.datetime(2017, 10, 14, 6, 0, 4)}
{'Id': 25, 'Date': datetime.date(2017, 10, 14), 'InGroupCount': 0, 'InGroupIdList': '', 'SignInCount': 0, 'SignInIdList': '', 'OutGroupCount': 0, 'OutGroupIdList': '', 'ProjectId': 270, 'CreateTime': datetime.datetime(2017, 10, 14, 6, 0, 4)}
{'Id': 26, 'Date': datetime.date(2017, 10, 14), 'InGroupCount': 0, 'InGroupIdList': '', 'SignInCount': 0, 'SignInIdList': '', 'OutGroupCount': 0, 'OutGroupIdList': '', 'ProjectId': 272, 'CreateTime': datetime.datetime(2017, 10, 14, 6, 0, 4)}
{'Id': 27, 'Date': datetime.date(2017, 10, 14), 'InGroupCount': 0, 'InGroupIdList': '', 'SignInCount': 0, 'SignInIdList': '', 'OutGroupCount': 0, 'OutGroupIdList': '', 'ProjectId': 290, 'CreateTime': datetime.datetime(2017, 10, 14, 6, 0, 4)}
{'Id': 28, 'Date': datetime.date(2017, 10, 14), 'InGroupCount': 0, 'InGroupIdList': '', 'SignInCount': 0, 'SignInIdList': '', 'OutGroupCount': 0, 'OutGroupIdList': '', 'ProjectId': 288, 'CreateTime': datetime.datetime(2017, 10, 14, 6, 0, 4)}
{'Id': 29, 'Date': datetime.date(2017, 10, 14), 'InGroupCount': 0, 'InGroupIdList': '', 'SignInCount': 0, 'SignInIdList': '', 'OutGroupCount': 0, 'OutGroupIdList': '', 'ProjectId': 276, 'CreateTime': datetime.datetime(2017, 10, 14, 6, 0, 4)}
{'Id': 30, 'Date': datetime.date(2017, 10, 14), 'InGroupCount': 0, 'InGroupIdList': '', 'SignInCount': 0, 'SignInIdList': '', 'OutGroupCount': 0, 'OutGroupIdList': '', 'ProjectId': 460, 'CreateTime': datetime.datetime(2017, 10, 14, 6, 0, 4)}
{'Id': 31, 'Date': datetime.date(2017, 10, 14), 'InGroupCount': 0, 'InGroupIdList': '', 'SignInCount': 0, 'SignInIdList': '', 'OutGroupCount': 0, 'OutGroupIdList': '', 'ProjectId': 462, 'CreateTime': datetime.datetime(2017, 10, 14, 6, 0, 4)}
{'Id': 32, 'Date': datetime.date(2017, 10, 14), 'InGroupCount': 0, 'InGroupIdList': '', 'SignInCount': 0, 'SignInIdList': '', 'OutGroupCount': 0, 'OutGroupIdList': '', 'ProjectId': 464, 'CreateTime': datetime.datetime(2017, 10, 14, 6, 0, 4)}
{'Id': 33, 'Date': datetime.date(2017, 10, 14), 'InGroupCount': 0, 'InGroupIdList': '', 'SignInCount': 0, 'SignInIdList': '', 'OutGroupCount': 0, 'OutGroupIdList': '', 'ProjectId': 466, 'CreateTime': datetime.datetime(2017, 10, 14, 6, 0, 4)}
{'Id': 34, 'Date': datetime.date(2017, 10, 15), 'InGroupCount': 0, 'InGroupIdList': '', 'SignInCount': 0, 'SignInIdList': '', 'OutGroupCount': 0, 'OutGroupIdList': '', 'ProjectId': 292, 'CreateTime': datetime.datetime(2017, 10, 15, 6, 0)}
{'Id': 35, 'Date': datetime.date(2017, 10, 15), 'InGroupCount': 0, 'InGroupIdList': '', 'SignInCount': 0, 'SignInIdList': '', 'OutGroupCount': 0, 'OutGroupIdList': '', 'ProjectId': 286, 'CreateTime': datetime.datetime(2017, 10, 15, 6, 0)}
{'Id': 36, 'Date': datetime.date(2017, 10, 15), 'InGroupCount': 0, 'InGroupIdList': '', 'SignInCount': 0, 'SignInIdList': '', 'OutGroupCount': 0, 'OutGroupIdList': '', 'ProjectId': 270, 'CreateTime': datetime.datetime(2017, 10, 15, 6, 0)}
{'Id': 37, 'Date': datetime.date(2017, 10, 15), 'InGroupCount': 0, 'InGroupIdList': '', 'SignInCount': 0, 'SignInIdList': '', 'OutGroupCount': 0, 'OutGroupIdList': '', 'ProjectId': 272, 'CreateTime': datetime.datetime(2017, 10, 15, 6, 0)}
{'Id': 38, 'Date': datetime.date(2017, 10, 15), 'InGroupCount': 0, 'InGroupIdList': '', 'SignInCount': 0, 'SignInIdList': '', 'OutGroupCount': 0, 'OutGroupIdList': '', 'ProjectId': 290, 'CreateTime': datetime.datetime(2017, 10, 15, 6, 0)}
{'Id': 39, 'Date': datetime.date(2017, 10, 15), 'InGroupCount': 0, 'InGroupIdList': '', 'SignInCount': 0, 'SignInIdList': '', 'OutGroupCount': 0, 'OutGroupIdList': '', 'ProjectId': 288, 'CreateTime': datetime.datetime(2017, 10, 15, 6, 0)}
{'Id': 40, 'Date': datetime.date(2017, 10, 15), 'InGroupCount': 0, 'InGroupIdList': '', 'SignInCount': 0, 'SignInIdList': '', 'OutGroupCount': 0, 'OutGroupIdList': '', 'ProjectId': 276, 'CreateTime': datetime.datetime(2017, 10, 15, 6, 0)}
{'Id': 41, 'Date': datetime.date(2017, 10, 15), 'InGroupCount': 0, 'InGroupIdList': '', 'SignInCount': 0, 'SignInIdList': '', 'OutGroupCount': 0, 'OutGroupIdList': '', 'ProjectId': 460, 'CreateTime': datetime.datetime(2017, 10, 15, 6, 0)}
{'Id': 42, 'Date': datetime.date(2017, 10, 15), 'InGroupCount': 0, 'InGroupIdList': '', 'SignInCount': 0, 'SignInIdList': '', 'OutGroupCount': 0, 'OutGroupIdList': '', 'ProjectId': 462, 'CreateTime': datetime.datetime(2017, 10, 15, 6, 0)}
{'Id': 43, 'Date': datetime.date(2017, 10, 15), 'InGroupCount': 0, 'InGroupIdList': '', 'SignInCount': 0, 'SignInIdList': '', 'OutGroupCount': 0, 'OutGroupIdList': '', 'ProjectId': 464, 'CreateTime': datetime.datetime(2017, 10, 15, 6, 0)}
{'Id': 44, 'Date': datetime.date(2017, 10, 15), 'InGroupCount': 0, 'InGroupIdList': '', 'SignInCount': 0, 'SignInIdList': '', 'OutGroupCount': 0, 'OutGroupIdList': '', 'ProjectId': 466, 'CreateTime': datetime.datetime(2017, 10, 15, 6, 0)}
{'Id': 45, 'Date': datetime.date(2017, 10, 16), 'InGroupCount': 0, 'InGroupIdList': '', 'SignInCount': 0, 'SignInIdList': '', 'OutGroupCount': 0, 'OutGroupIdList': '', 'ProjectId': 292, 'CreateTime': datetime.datetime(2017, 10, 16, 6, 0, 4)}
{'Id': 46, 'Date': datetime.date(2017, 10, 16), 'InGroupCount': 0, 'InGroupIdList': '', 'SignInCount': 0, 'SignInIdList': '', 'OutGroupCount': 0, 'OutGroupIdList': '', 'ProjectId': 286, 'CreateTime': datetime.datetime(2017, 10, 16, 6, 0, 4)}
{'Id': 47, 'Date': datetime.date(2017, 10, 16), 'InGroupCount': 0, 'InGroupIdList': '', 'SignInCount': 0, 'SignInIdList': '', 'OutGroupCount': 0, 'OutGroupIdList': '', 'ProjectId': 270, 'CreateTime': datetime.datetime(2017, 10, 16, 6, 0, 4)}
{'Id': 48, 'Date': datetime.date(2017, 10, 16), 'InGroupCount': 0, 'InGroupIdList': '', 'SignInCount': 0, 'SignInIdList': '', 'OutGroupCount': 0, 'OutGroupIdList': '', 'ProjectId': 272, 'CreateTime': datetime.datetime(2017, 10, 16, 6, 0, 4)}
{'Id': 49, 'Date': datetime.date(2017, 10, 16), 'InGroupCount': 0, 'InGroupIdList': '', 'SignInCount': 0, 'SignInIdList': '', 'OutGroupCount': 0, 'OutGroupIdList': '', 'ProjectId': 290, 'CreateTime': datetime.datetime(2017, 10, 16, 6, 0, 4)}
{'Id': 50, 'Date': datetime.date(2017, 10, 16), 'InGroupCount': 0, 'InGroupIdList': '', 'SignInCount': 0, 'SignInIdList': '', 'OutGroupCount': 0, 'OutGroupIdList': '', 'ProjectId': 288, 'CreateTime': datetime.datetime(2017, 10, 16, 6, 0, 4)}
{'Id': 51, 'Date': datetime.date(2017, 10, 16), 'InGroupCount': 0, 'InGroupIdList': '', 'SignInCount': 0, 'SignInIdList': '', 'OutGroupCount': 0, 'OutGroupIdList': '', 'ProjectId': 276, 'CreateTime': datetime.datetime(2017, 10, 16, 6, 0, 4)}
{'Id': 52, 'Date': datetime.date(2017, 10, 16), 'InGroupCount': 0, 'InGroupIdList': '', 'SignInCount': 0, 'SignInIdList': '', 'OutGroupCount': 0, 'OutGroupIdList': '', 'ProjectId': 460, 'CreateTime': datetime.datetime(2017, 10, 16, 6, 0, 4)}
{'Id': 53, 'Date': datetime.date(2017, 10, 16), 'InGroupCount': 0, 'InGroupIdList': '', 'SignInCount': 0, 'SignInIdList': '', 'OutGroupCount': 0, 'OutGroupIdList': '', 'ProjectId': 462, 'CreateTime': datetime.datetime(2017, 10, 16, 6, 0, 4)}
{'Id': 54, 'Date': datetime.date(2017, 10, 16), 'InGroupCount': 0, 'InGroupIdList': '', 'SignInCount': 0, 'SignInIdList': '', 'OutGroupCount': 0, 'OutGroupIdList': '', 'ProjectId': 464, 'CreateTime': datetime.datetime(2017, 10, 16, 6, 0, 4)}
{'Id': 55, 'Date': datetime.date(2017, 10, 16), 'InGroupCount': 0, 'InGroupIdList': '', 'SignInCount': 0, 'SignInIdList': '', 'OutGroupCount': 0, 'OutGroupIdList': '', 'ProjectId': 466, 'CreateTime': datetime.datetime(2017, 10, 16, 6, 0, 4)}
{'Id': 56, 'Date': datetime.date(2017, 10, 17), 'InGroupCount': 0, 'InGroupIdList': '', 'SignInCount': 0, 'SignInIdList': '', 'OutGroupCount': 0, 'OutGroupIdList': '', 'ProjectId': 292, 'CreateTime': datetime.datetime(2017, 10, 17, 6, 0, 7)}
{'Id': 57, 'Date': datetime.date(2017, 10, 17), 'InGroupCount': 0, 'InGroupIdList': '', 'SignInCount': 0, 'SignInIdList': '', 'OutGroupCount': 0, 'OutGroupIdList': '', 'ProjectId': 286, 'CreateTime': datetime.datetime(2017, 10, 17, 6, 0, 7)}
{'Id': 58, 'Date': datetime.date(2017, 10, 17), 'InGroupCount': 0, 'InGroupIdList': '', 'SignInCount': 0, 'SignInIdList': '', 'OutGroupCount': 0, 'OutGroupIdList': '', 'ProjectId': 270, 'CreateTime': datetime.datetime(2017, 10, 17, 6, 0, 7)}
{'Id': 59, 'Date': datetime.date(2017, 10, 17), 'InGroupCount': 0, 'InGroupIdList': '', 'SignInCount': 0, 'SignInIdList': '', 'OutGroupCount': 0, 'OutGroupIdList': '', 'ProjectId': 272, 'CreateTime': datetime.datetime(2017, 10, 17, 6, 0, 7)}
{'Id': 60, 'Date': datetime.date(2017, 10, 17), 'InGroupCount': 0, 'InGroupIdList': '', 'SignInCount': 0, 'SignInIdList': '', 'OutGroupCount': 0, 'OutGroupIdList': '', 'ProjectId': 290, 'CreateTime': datetime.datetime(2017, 10, 17, 6, 0, 7)}
{'Id': 61, 'Date': datetime.date(2017, 10, 17), 'InGroupCount': 0, 'InGroupIdList': '', 'SignInCount': 0, 'SignInIdList': '', 'OutGroupCount': 0, 'OutGroupIdList': '', 'ProjectId': 288, 'CreateTime': datetime.datetime(2017, 10, 17, 6, 0, 7)}
{'Id': 62, 'Date': datetime.date(2017, 10, 17), 'InGroupCount': 0, 'InGroupIdList': '', 'SignInCount': 0, 'SignInIdList': '', 'OutGroupCount': 0, 'OutGroupIdList': '', 'ProjectId': 276, 'CreateTime': datetime.datetime(2017, 10, 17, 6, 0, 7)}
{'Id': 63, 'Date': datetime.date(2017, 10, 17), 'InGroupCount': 0, 'InGroupIdList': '', 'SignInCount': 0, 'SignInIdList': '', 'OutGroupCount': 0, 'OutGroupIdList': '', 'ProjectId': 460, 'CreateTime': datetime.datetime(2017, 10, 17, 6, 0, 7)}
{'Id': 64, 'Date': datetime.date(2017, 10, 17), 'InGroupCount': 0, 'InGroupIdList': '', 'SignInCount': 0, 'SignInIdList': '', 'OutGroupCount': 0, 'OutGroupIdList': '', 'ProjectId': 462, 'CreateTime': datetime.datetime(2017, 10, 17, 6, 0, 7)}
{'Id': 65, 'Date': datetime.date(2017, 10, 17), 'InGroupCount': 0, 'InGroupIdList': '', 'SignInCount': 0, 'SignInIdList': '', 'OutGroupCount': 0, 'OutGroupIdList': '', 'ProjectId': 464, 'CreateTime': datetime.datetime(2017, 10, 17, 6, 0, 8)}
{'Id': 66, 'Date': datetime.date(2017, 10, 17), 'InGroupCount': 0, 'InGroupIdList': '', 'SignInCount': 0, 'SignInIdList': '', 'OutGroupCount': 0, 'OutGroupIdList': '', 'ProjectId': 466, 'CreateTime': datetime.datetime(2017, 10, 17, 6, 0, 8)}
{'Id': 67, 'Date': datetime.date(2017, 10, 18), 'InGroupCount': 0, 'InGroupIdList': '', 'SignInCount': 0, 'SignInIdList': '', 'OutGroupCount': 0, 'OutGroupIdList': '', 'ProjectId': 292, 'CreateTime': datetime.datetime(2017, 10, 18, 6, 0, 1)}
{'Id': 68, 'Date': datetime.date(2017, 10, 18), 'InGroupCount': 0, 'InGroupIdList': '', 'SignInCount': 0, 'SignInIdList': '', 'OutGroupCount': 0, 'OutGroupIdList': '', 'ProjectId': 286, 'CreateTime': datetime.datetime(2017, 10, 18, 6, 0, 1)}
{'Id': 69, 'Date': datetime.date(2017, 10, 18), 'InGroupCount': 0, 'InGroupIdList': '', 'SignInCount': 0, 'SignInIdList': '', 'OutGroupCount': 0, 'OutGroupIdList': '', 'ProjectId': 270, 'CreateTime': datetime.datetime(2017, 10, 18, 6, 0, 1)}
{'Id': 70, 'Date': datetime.date(2017, 10, 18), 'InGroupCount': 0, 'InGroupIdList': '', 'SignInCount': 0, 'SignInIdList': '', 'OutGroupCount': 0, 'OutGroupIdList': '', 'ProjectId': 272, 'CreateTime': datetime.datetime(2017, 10, 18, 6, 0, 1)}
{'Id': 71, 'Date': datetime.date(2017, 10, 18), 'InGroupCount': 0, 'InGroupIdList': '', 'SignInCount': 0, 'SignInIdList': '', 'OutGroupCount': 0, 'OutGroupIdList': '', 'ProjectId': 290, 'CreateTime': datetime.datetime(2017, 10, 18, 6, 0, 1)}
{'Id': 72, 'Date': datetime.date(2017, 10, 18), 'InGroupCount': 0, 'InGroupIdList': '', 'SignInCount': 0, 'SignInIdList': '', 'OutGroupCount': 0, 'OutGroupIdList': '', 'ProjectId': 288, 'CreateTime': datetime.datetime(2017, 10, 18, 6, 0, 1)}
{'Id': 73, 'Date': datetime.date(2017, 10, 18), 'InGroupCount': 0, 'InGroupIdList': '', 'SignInCount': 0, 'SignInIdList': '', 'OutGroupCount': 0, 'OutGroupIdList': '', 'ProjectId': 276, 'CreateTime': datetime.datetime(2017, 10, 18, 6, 0, 1)}
{'Id': 74, 'Date': datetime.date(2017, 10, 18), 'InGroupCount': 0, 'InGroupIdList': '', 'SignInCount': 0, 'SignInIdList': '', 'OutGroupCount': 0, 'OutGroupIdList': '', 'ProjectId': 460, 'CreateTime': datetime.datetime(2017, 10, 18, 6, 0, 1)}
{'Id': 75, 'Date': datetime.date(2017, 10, 18), 'InGroupCount': 5, 'InGroupIdList': '109,108,107,111,102', 'SignInCount': 0, 'SignInIdList': '', 'OutGroupCount': 1, 'OutGroupIdList': '103', 'ProjectId': 462, 'CreateTime': datetime.datetime(2017, 10, 18, 6, 0, 2)}
{'Id': 76, 'Date': datetime.date(2017, 10, 18), 'InGroupCount': 0, 'InGroupIdList': '', 'SignInCount': 0, 'SignInIdList': '', 'OutGroupCount': 0, 'OutGroupIdList': '', 'ProjectId': 464, 'CreateTime': datetime.datetime(2017, 10, 18, 6, 0, 2)}
{'Id': 77, 'Date': datetime.date(2017, 10, 18), 'InGroupCount': 0, 'InGroupIdList': '', 'SignInCount': 0, 'SignInIdList': '', 'OutGroupCount': 0, 'OutGroupIdList': '', 'ProjectId': 466, 'CreateTime': datetime.datetime(2017, 10, 18, 6, 0, 2)}
{'Id': 78, 'Date': datetime.date(2017, 10, 18), 'InGroupCount': 1, 'InGroupIdList': '104', 'SignInCount': 0, 'SignInIdList': '', 'OutGroupCount': 0, 'OutGroupIdList': '', 'ProjectId': 292, 'CreateTime': datetime.datetime(2017, 10, 18, 13, 23, 48)}
{'Id': 79, 'Date': datetime.date(2017, 10, 18), 'InGroupCount': 0, 'InGroupIdList': '', 'SignInCount': 0, 'SignInIdList': '', 'OutGroupCount': 0, 'OutGroupIdList': '', 'ProjectId': 286, 'CreateTime': datetime.datetime(2017, 10, 18, 13, 23, 49)}
{'Id': 80, 'Date': datetime.date(2017, 10, 18), 'InGroupCount': 0, 'InGroupIdList': '', 'SignInCount': 0, 'SignInIdList': '', 'OutGroupCount': 0, 'OutGroupIdList': '', 'ProjectId': 270, 'CreateTime': datetime.datetime(2017, 10, 18, 13, 23, 49)}
{'Id': 81, 'Date': datetime.date(2017, 10, 18), 'InGroupCount': 0, 'InGroupIdList': '', 'SignInCount': 0, 'SignInIdList': '', 'OutGroupCount': 0, 'OutGroupIdList': '', 'ProjectId': 272, 'CreateTime': datetime.datetime(2017, 10, 18, 13, 23, 49)}
{'Id': 82, 'Date': datetime.date(2017, 10, 18), 'InGroupCount': 0, 'InGroupIdList': '', 'SignInCount': 0, 'SignInIdList': '', 'OutGroupCount': 0, 'OutGroupIdList': '', 'ProjectId': 290, 'CreateTime': datetime.datetime(2017, 10, 18, 13, 23, 49)}
{'Id': 83, 'Date': datetime.date(2017, 10, 18), 'InGroupCount': 0, 'InGroupIdList': '', 'SignInCount': 0, 'SignInIdList': '', 'OutGroupCount': 0, 'OutGroupIdList': '', 'ProjectId': 288, 'CreateTime': datetime.datetime(2017, 10, 18, 13, 23, 49)}
{'Id': 84, 'Date': datetime.date(2017, 10, 18), 'InGroupCount': 0, 'InGroupIdList': '', 'SignInCount': 0, 'SignInIdList': '', 'OutGroupCount': 0, 'OutGroupIdList': '', 'ProjectId': 276, 'CreateTime': datetime.datetime(2017, 10, 18, 13, 23, 49)}
{'Id': 85, 'Date': datetime.date(2017, 10, 18), 'InGroupCount': 0, 'InGroupIdList': '', 'SignInCount': 0, 'SignInIdList': '', 'OutGroupCount': 0, 'OutGroupIdList': '', 'ProjectId': 460, 'CreateTime': datetime.datetime(2017, 10, 18, 13, 23, 49)}
{'Id': 86, 'Date': datetime.date(2017, 10, 18), 'InGroupCount': 5, 'InGroupIdList': '109,108,107,111,102', 'SignInCount': 0, 'SignInIdList': '', 'OutGroupCount': 1, 'OutGroupIdList': '103', 'ProjectId': 462, 'CreateTime': datetime.datetime(2017, 10, 18, 13, 23, 49)}
{'Id': 87, 'Date': datetime.date(2017, 10, 18), 'InGroupCount': 0, 'InGroupIdList': '', 'SignInCount': 0, 'SignInIdList': '', 'OutGroupCount': 0, 'OutGroupIdList': '', 'ProjectId': 464, 'CreateTime': datetime.datetime(2017, 10, 18, 13, 23, 49)}
{'Id': 88, 'Date': datetime.date(2017, 10, 18), 'InGroupCount': 0, 'InGroupIdList': '', 'SignInCount': 0, 'SignInIdList': '', 'OutGroupCount': 0, 'OutGroupIdList': '', 'ProjectId': 466, 'CreateTime': datetime.datetime(2017, 10, 18, 13, 23, 49)}
{'Id': 89, 'Date': datetime.date(2017, 10, 18), 'InGroupCount': 1, 'InGroupIdList': '104', 'SignInCount': 0, 'SignInIdList': '', 'OutGroupCount': 0, 'OutGroupIdList': '', 'ProjectId': 292, 'CreateTime': datetime.datetime(2017, 10, 19, 6, 0, 4)}
{'Id': 90, 'Date': datetime.date(2017, 10, 18), 'InGroupCount': 0, 'InGroupIdList': '', 'SignInCount': 0, 'SignInIdList': '', 'OutGroupCount': 0, 'OutGroupIdList': '', 'ProjectId': 286, 'CreateTime': datetime.datetime(2017, 10, 19, 6, 0, 4)}
{'Id': 91, 'Date': datetime.date(2017, 10, 18), 'InGroupCount': 0, 'InGroupIdList': '', 'SignInCount': 0, 'SignInIdList': '', 'OutGroupCount': 0, 'OutGroupIdList': '', 'ProjectId': 270, 'CreateTime': datetime.datetime(2017, 10, 19, 6, 0, 4)}
{'Id': 92, 'Date': datetime.date(2017, 10, 18), 'InGroupCount': 0, 'InGroupIdList': '', 'SignInCount': 0, 'SignInIdList': '', 'OutGroupCount': 0, 'OutGroupIdList': '', 'ProjectId': 272, 'CreateTime': datetime.datetime(2017, 10, 19, 6, 0, 4)}
{'Id': 93, 'Date': datetime.date(2017, 10, 18), 'InGroupCount': 0, 'InGroupIdList': '', 'SignInCount': 0, 'SignInIdList': '', 'OutGroupCount': 0, 'OutGroupIdList': '', 'ProjectId': 290, 'CreateTime': datetime.datetime(2017, 10, 19, 6, 0, 4)}
{'Id': 94, 'Date': datetime.date(2017, 10, 18), 'InGroupCount': 0, 'InGroupIdList': '', 'SignInCount': 0, 'SignInIdList': '', 'OutGroupCount': 0, 'OutGroupIdList': '', 'ProjectId': 288, 'CreateTime': datetime.datetime(2017, 10, 19, 6, 0, 4)}
{'Id': 95, 'Date': datetime.date(2017, 10, 18), 'InGroupCount': 0, 'InGroupIdList': '', 'SignInCount': 0, 'SignInIdList': '', 'OutGroupCount': 0, 'OutGroupIdList': '', 'ProjectId': 276, 'CreateTime': datetime.datetime(2017, 10, 19, 6, 0, 4)}
{'Id': 96, 'Date': datetime.date(2017, 10, 18), 'InGroupCount': 0, 'InGroupIdList': '', 'SignInCount': 0, 'SignInIdList': '', 'OutGroupCount': 0, 'OutGroupIdList': '', 'ProjectId': 460, 'CreateTime': datetime.datetime(2017, 10, 19, 6, 0, 4)}
{'Id': 97, 'Date': datetime.date(2017, 10, 18), 'InGroupCount': 5, 'InGroupIdList': '109,108,107,111,102', 'SignInCount': 0, 'SignInIdList': '', 'OutGroupCount': 1, 'OutGroupIdList': '103', 'ProjectId': 462, 'CreateTime': datetime.datetime(2017, 10, 19, 6, 0, 4)}
{'Id': 98, 'Date': datetime.date(2017, 10, 18), 'InGroupCount': 0, 'InGroupIdList': '', 'SignInCount': 0, 'SignInIdList': '', 'OutGroupCount': 0, 'OutGroupIdList': '', 'ProjectId': 464, 'CreateTime': datetime.datetime(2017, 10, 19, 6, 0, 4)}
{'Id': 99, 'Date': datetime.date(2017, 10, 18), 'InGroupCount': 0, 'InGroupIdList': '', 'SignInCount': 0, 'SignInIdList': '', 'OutGroupCount': 0, 'OutGroupIdList': '', 'ProjectId': 466, 'CreateTime': datetime.datetime(2017, 10, 19, 6, 0, 4)}
{'Id': 100, 'Date': datetime.date(2017, 10, 18), 'InGroupCount': 1, 'InGroupIdList': '104', 'SignInCount': 0, 'SignInIdList': '', 'OutGroupCount': 0, 'OutGroupIdList': '', 'ProjectId': 292, 'CreateTime': datetime.datetime(2017, 10, 19, 10, 21, 41)}
{'Id': 101, 'Date': datetime.date(2017, 10, 18), 'InGroupCount': 0, 'InGroupIdList': '', 'SignInCount': 0, 'SignInIdList': '', 'OutGroupCount': 0, 'OutGroupIdList': '', 'ProjectId': 286, 'CreateTime': datetime.datetime(2017, 10, 19, 10, 21, 41)}
{'Id': 102, 'Date': datetime.date(2017, 10, 18), 'InGroupCount': 0, 'InGroupIdList': '', 'SignInCount': 0, 'SignInIdList': '', 'OutGroupCount': 0, 'OutGroupIdList': '', 'ProjectId': 270, 'CreateTime': datetime.datetime(2017, 10, 19, 10, 21, 41)}
{'Id': 103, 'Date': datetime.date(2017, 10, 18), 'InGroupCount': 0, 'InGroupIdList': '', 'SignInCount': 0, 'SignInIdList': '', 'OutGroupCount': 0, 'OutGroupIdList': '', 'ProjectId': 272, 'CreateTime': datetime.datetime(2017, 10, 19, 10, 21, 41)}
{'Id': 104, 'Date': datetime.date(2017, 10, 18), 'InGroupCount': 0, 'InGroupIdList': '', 'SignInCount': 0, 'SignInIdList': '', 'OutGroupCount': 0, 'OutGroupIdList': '', 'ProjectId': 290, 'CreateTime': datetime.datetime(2017, 10, 19, 10, 21, 41)}
{'Id': 105, 'Date': datetime.date(2017, 10, 18), 'InGroupCount': 0, 'InGroupIdList': '', 'SignInCount': 0, 'SignInIdList': '', 'OutGroupCount': 0, 'OutGroupIdList': '', 'ProjectId': 288, 'CreateTime': datetime.datetime(2017, 10, 19, 10, 21, 41)}
{'Id': 106, 'Date': datetime.date(2017, 10, 18), 'InGroupCount': 0, 'InGroupIdList': '', 'SignInCount': 0, 'SignInIdList': '', 'OutGroupCount': 0, 'OutGroupIdList': '', 'ProjectId': 276, 'CreateTime': datetime.datetime(2017, 10, 19, 10, 21, 41)}
{'Id': 107, 'Date': datetime.date(2017, 10, 18), 'InGroupCount': 0, 'InGroupIdList': '', 'SignInCount': 0, 'SignInIdList': '', 'OutGroupCount': 0, 'OutGroupIdList': '', 'ProjectId': 460, 'CreateTime': datetime.datetime(2017, 10, 19, 10, 21, 41)}
{'Id': 108, 'Date': datetime.date(2017, 10, 18), 'InGroupCount': 5, 'InGroupIdList': '109,108,107,111,102', 'SignInCount': 0, 'SignInIdList': '', 'OutGroupCount': 1, 'OutGroupIdList': '103', 'ProjectId': 462, 'CreateTime': datetime.datetime(2017, 10, 19, 10, 21, 41)}
{'Id': 109, 'Date': datetime.date(2017, 10, 18), 'InGroupCount': 0, 'InGroupIdList': '', 'SignInCount': 0, 'SignInIdList': '', 'OutGroupCount': 0, 'OutGroupIdList': '', 'ProjectId': 464, 'CreateTime': datetime.datetime(2017, 10, 19, 10, 21, 41)}
{'Id': 110, 'Date': datetime.date(2017, 10, 18), 'InGroupCount': 0, 'InGroupIdList': '', 'SignInCount': 0, 'SignInIdList': '', 'OutGroupCount': 0, 'OutGroupIdList': '', 'ProjectId': 466, 'CreateTime': datetime.datetime(2017, 10, 19, 10, 21, 41)}
{'Id': 111, 'Date': datetime.date(2017, 10, 18), 'InGroupCount': 1, 'InGroupIdList': '104', 'SignInCount': 0, 'SignInIdList': '', 'OutGroupCount': 0, 'OutGroupIdList': '', 'ProjectId': 292, 'CreateTime': datetime.datetime(2017, 10, 19, 17, 43, 30)}
{'Id': 112, 'Date': datetime.date(2017, 10, 18), 'InGroupCount': 0, 'InGroupIdList': '', 'SignInCount': 0, 'SignInIdList': '', 'OutGroupCount': 0, 'OutGroupIdList': '', 'ProjectId': 286, 'CreateTime': datetime.datetime(2017, 10, 19, 17, 43, 30)}
{'Id': 113, 'Date': datetime.date(2017, 10, 18), 'InGroupCount': 0, 'InGroupIdList': '', 'SignInCount': 0, 'SignInIdList': '', 'OutGroupCount': 0, 'OutGroupIdList': '', 'ProjectId': 270, 'CreateTime': datetime.datetime(2017, 10, 19, 17, 43, 30)}
{'Id': 114, 'Date': datetime.date(2017, 10, 18), 'InGroupCount': 0, 'InGroupIdList': '', 'SignInCount': 0, 'SignInIdList': '', 'OutGroupCount': 0, 'OutGroupIdList': '', 'ProjectId': 272, 'CreateTime': datetime.datetime(2017, 10, 19, 17, 43, 30)}
{'Id': 115, 'Date': datetime.date(2017, 10, 18), 'InGroupCount': 0, 'InGroupIdList': '', 'SignInCount': 0, 'SignInIdList': '', 'OutGroupCount': 0, 'OutGroupIdList': '', 'ProjectId': 290, 'CreateTime': datetime.datetime(2017, 10, 19, 17, 43, 30)}
{'Id': 116, 'Date': datetime.date(2017, 10, 18), 'InGroupCount': 0, 'InGroupIdList': '', 'SignInCount': 0, 'SignInIdList': '', 'OutGroupCount': 0, 'OutGroupIdList': '', 'ProjectId': 288, 'CreateTime': datetime.datetime(2017, 10, 19, 17, 43, 30)}
{'Id': 117, 'Date': datetime.date(2017, 10, 18), 'InGroupCount': 0, 'InGroupIdList': '', 'SignInCount': 0, 'SignInIdList': '', 'OutGroupCount': 0, 'OutGroupIdList': '', 'ProjectId': 276, 'CreateTime': datetime.datetime(2017, 10, 19, 17, 43, 30)}
{'Id': 118, 'Date': datetime.date(2017, 10, 18), 'InGroupCount': 0, 'InGroupIdList': '', 'SignInCount': 0, 'SignInIdList': '', 'OutGroupCount': 0, 'OutGroupIdList': '', 'ProjectId': 460, 'CreateTime': datetime.datetime(2017, 10, 19, 17, 43, 30)}
{'Id': 119, 'Date': datetime.date(2017, 10, 18), 'InGroupCount': 5, 'InGroupIdList': '109,108,107,111,102', 'SignInCount': 0, 'SignInIdList': '', 'OutGroupCount': 1, 'OutGroupIdList': '103', 'ProjectId': 462, 'CreateTime': datetime.datetime(2017, 10, 19, 17, 43, 30)}
{'Id': 120, 'Date': datetime.date(2017, 10, 18), 'InGroupCount': 0, 'InGroupIdList': '', 'SignInCount': 0, 'SignInIdList': '', 'OutGroupCount': 0, 'OutGroupIdList': '', 'ProjectId': 464, 'CreateTime': datetime.datetime(2017, 10, 19, 17, 43, 30)}
{'Id': 121, 'Date': datetime.date(2017, 10, 18), 'InGroupCount': 0, 'InGroupIdList': '', 'SignInCount': 0, 'SignInIdList': '', 'OutGroupCount': 0, 'OutGroupIdList': '', 'ProjectId': 466, 'CreateTime': datetime.datetime(2017, 10, 19, 17, 43, 30)}
{'Id': 122, 'Date': datetime.date(2017, 10, 18), 'InGroupCount': 1, 'InGroupIdList': '104', 'SignInCount': 0, 'SignInIdList': '', 'OutGroupCount': 0, 'OutGroupIdList': '', 'ProjectId': 292, 'CreateTime': datetime.datetime(2017, 10, 19, 17, 46, 10)}
{'Id': 123, 'Date': datetime.date(2017, 10, 18), 'InGroupCount': 0, 'InGroupIdList': '', 'SignInCount': 0, 'SignInIdList': '', 'OutGroupCount': 0, 'OutGroupIdList': '', 'ProjectId': 286, 'CreateTime': datetime.datetime(2017, 10, 19, 17, 46, 10)}
{'Id': 124, 'Date': datetime.date(2017, 10, 18), 'InGroupCount': 0, 'InGroupIdList': '', 'SignInCount': 0, 'SignInIdList': '', 'OutGroupCount': 0, 'OutGroupIdList': '', 'ProjectId': 270, 'CreateTime': datetime.datetime(2017, 10, 19, 17, 46, 10)}
{'Id': 125, 'Date': datetime.date(2017, 10, 18), 'InGroupCount': 0, 'InGroupIdList': '', 'SignInCount': 0, 'SignInIdList': '', 'OutGroupCount': 0, 'OutGroupIdList': '', 'ProjectId': 272, 'CreateTime': datetime.datetime(2017, 10, 19, 17, 46, 10)}
{'Id': 126, 'Date': datetime.date(2017, 10, 18), 'InGroupCount': 0, 'InGroupIdList': '', 'SignInCount': 0, 'SignInIdList': '', 'OutGroupCount': 0, 'OutGroupIdList': '', 'ProjectId': 290, 'CreateTime': datetime.datetime(2017, 10, 19, 17, 46, 10)}
{'Id': 127, 'Date': datetime.date(2017, 10, 18), 'InGroupCount': 0, 'InGroupIdList': '', 'SignInCount': 0, 'SignInIdList': '', 'OutGroupCount': 0, 'OutGroupIdList': '', 'ProjectId': 288, 'CreateTime': datetime.datetime(2017, 10, 19, 17, 46, 10)}
{'Id': 128, 'Date': datetime.date(2017, 10, 18), 'InGroupCount': 0, 'InGroupIdList': '', 'SignInCount': 0, 'SignInIdList': '', 'OutGroupCount': 0, 'OutGroupIdList': '', 'ProjectId': 276, 'CreateTime': datetime.datetime(2017, 10, 19, 17, 46, 10)}
{'Id': 129, 'Date': datetime.date(2017, 10, 18), 'InGroupCount': 0, 'InGroupIdList': '', 'SignInCount': 0, 'SignInIdList': '', 'OutGroupCount': 0, 'OutGroupIdList': '', 'ProjectId': 460, 'CreateTime': datetime.datetime(2017, 10, 19, 17, 46, 10)}
{'Id': 130, 'Date': datetime.date(2017, 10, 18), 'InGroupCount': 5, 'InGroupIdList': '109,108,107,111,102', 'SignInCount': 0, 'SignInIdList': '', 'OutGroupCount': 1, 'OutGroupIdList': '103', 'ProjectId': 462, 'CreateTime': datetime.datetime(2017, 10, 19, 17, 46, 10)}
{'Id': 131, 'Date': datetime.date(2017, 10, 18), 'InGroupCount': 0, 'InGroupIdList': '', 'SignInCount': 0, 'SignInIdList': '', 'OutGroupCount': 0, 'OutGroupIdList': '', 'ProjectId': 464, 'CreateTime': datetime.datetime(2017, 10, 19, 17, 46, 10)}
{'Id': 132, 'Date': datetime.date(2017, 10, 18), 'InGroupCount': 0, 'InGroupIdList': '', 'SignInCount': 0, 'SignInIdList': '', 'OutGroupCount': 0, 'OutGroupIdList': '', 'ProjectId': 466, 'CreateTime': datetime.datetime(2017, 10, 19, 17, 46, 10)}
{'Id': 133, 'Date': datetime.date(2017, 10, 19), 'InGroupCount': 1, 'InGroupIdList': '104', 'SignInCount': 0, 'SignInIdList': '', 'OutGroupCount': 0, 'OutGroupIdList': '', 'ProjectId': 292, 'CreateTime': datetime.datetime(2017, 10, 20, 6, 0, 5)}
{'Id': 134, 'Date': datetime.date(2017, 10, 19), 'InGroupCount': 0, 'InGroupIdList': '', 'SignInCount': 0, 'SignInIdList': '', 'OutGroupCount': 0, 'OutGroupIdList': '', 'ProjectId': 286, 'CreateTime': datetime.datetime(2017, 10, 20, 6, 0, 5)}
{'Id': 135, 'Date': datetime.date(2017, 10, 19), 'InGroupCount': 0, 'InGroupIdList': '', 'SignInCount': 0, 'SignInIdList': '', 'OutGroupCount': 0, 'OutGroupIdList': '', 'ProjectId': 270, 'CreateTime': datetime.datetime(2017, 10, 20, 6, 0, 5)}
{'Id': 136, 'Date': datetime.date(2017, 10, 19), 'InGroupCount': 0, 'InGroupIdList': '', 'SignInCount': 0, 'SignInIdList': '', 'OutGroupCount': 0, 'OutGroupIdList': '', 'ProjectId': 272, 'CreateTime': datetime.datetime(2017, 10, 20, 6, 0, 5)}
{'Id': 137, 'Date': datetime.date(2017, 10, 19), 'InGroupCount': 0, 'InGroupIdList': '', 'SignInCount': 0, 'SignInIdList': '', 'OutGroupCount': 0, 'OutGroupIdList': '', 'ProjectId': 290, 'CreateTime': datetime.datetime(2017, 10, 20, 6, 0, 5)}
{'Id': 138, 'Date': datetime.date(2017, 10, 19), 'InGroupCount': 0, 'InGroupIdList': '', 'SignInCount': 0, 'SignInIdList': '', 'OutGroupCount': 0, 'OutGroupIdList': '', 'ProjectId': 288, 'CreateTime': datetime.datetime(2017, 10, 20, 6, 0, 5)}
{'Id': 139, 'Date': datetime.date(2017, 10, 19), 'InGroupCount': 0, 'InGroupIdList': '', 'SignInCount': 0, 'SignInIdList': '', 'OutGroupCount': 0, 'OutGroupIdList': '', 'ProjectId': 276, 'CreateTime': datetime.datetime(2017, 10, 20, 6, 0, 5)}
{'Id': 140, 'Date': datetime.date(2017, 10, 19), 'InGroupCount': 0, 'InGroupIdList': '', 'SignInCount': 0, 'SignInIdList': '', 'OutGroupCount': 0, 'OutGroupIdList': '', 'ProjectId': 460, 'CreateTime': datetime.datetime(2017, 10, 20, 6, 0, 5)}
{'Id': 141, 'Date': datetime.date(2017, 10, 19), 'InGroupCount': 5, 'InGroupIdList': '109,108,107,111,102', 'SignInCount': 1, 'SignInIdList': '51', 'OutGroupCount': 1, 'OutGroupIdList': '103', 'ProjectId': 462, 'CreateTime': datetime.datetime(2017, 10, 20, 6, 0, 5)}
{'Id': 142, 'Date': datetime.date(2017, 10, 19), 'InGroupCount': 0, 'InGroupIdList': '', 'SignInCount': 0, 'SignInIdList': '', 'OutGroupCount': 0, 'OutGroupIdList': '', 'ProjectId': 464, 'CreateTime': datetime.datetime(2017, 10, 20, 6, 0, 5)}
{'Id': 143, 'Date': datetime.date(2017, 10, 19), 'InGroupCount': 0, 'InGroupIdList': '', 'SignInCount': 0, 'SignInIdList': '', 'OutGroupCount': 0, 'OutGroupIdList': '', 'ProjectId': 466, 'CreateTime': datetime.datetime(2017, 10, 20, 6, 0, 5)}
{'Id': 144, 'Date': datetime.date(2017, 10, 20), 'InGroupCount': 1, 'InGroupIdList': '104', 'SignInCount': 0, 'SignInIdList': '', 'OutGroupCount': 0, 'OutGroupIdList': '', 'ProjectId': 292, 'CreateTime': datetime.datetime(2017, 10, 21, 6, 0, 8)}
{'Id': 145, 'Date': datetime.date(2017, 10, 20), 'InGroupCount': 0, 'InGroupIdList': '', 'SignInCount': 0, 'SignInIdList': '', 'OutGroupCount': 0, 'OutGroupIdList': '', 'ProjectId': 286, 'CreateTime': datetime.datetime(2017, 10, 21, 6, 0, 8)}
{'Id': 146, 'Date': datetime.date(2017, 10, 20), 'InGroupCount': 0, 'InGroupIdList': '', 'SignInCount': 0, 'SignInIdList': '', 'OutGroupCount': 0, 'OutGroupIdList': '', 'ProjectId': 270, 'CreateTime': datetime.datetime(2017, 10, 21, 6, 0, 8)}
{'Id': 147, 'Date': datetime.date(2017, 10, 20), 'InGroupCount': 0, 'InGroupIdList': '', 'SignInCount': 0, 'SignInIdList': '', 'OutGroupCount': 0, 'OutGroupIdList': '', 'ProjectId': 272, 'CreateTime': datetime.datetime(2017, 10, 21, 6, 0, 8)}
{'Id': 148, 'Date': datetime.date(2017, 10, 20), 'InGroupCount': 0, 'InGroupIdList': '', 'SignInCount': 0, 'SignInIdList': '', 'OutGroupCount': 0, 'OutGroupIdList': '', 'ProjectId': 290, 'CreateTime': datetime.datetime(2017, 10, 21, 6, 0, 8)}
{'Id': 149, 'Date': datetime.date(2017, 10, 20), 'InGroupCount': 0, 'InGroupIdList': '', 'SignInCount': 0, 'SignInIdList': '', 'OutGroupCount': 0, 'OutGroupIdList': '', 'ProjectId': 288, 'CreateTime': datetime.datetime(2017, 10, 21, 6, 0, 8)}
{'Id': 150, 'Date': datetime.date(2017, 10, 20), 'InGroupCount': 0, 'InGroupIdList': '', 'SignInCount': 0, 'SignInIdList': '', 'OutGroupCount': 0, 'OutGroupIdList': '', 'ProjectId': 276, 'CreateTime': datetime.datetime(2017, 10, 21, 6, 0, 8)}
{'Id': 151, 'Date': datetime.date(2017, 10, 20), 'InGroupCount': 0, 'InGroupIdList': '', 'SignInCount': 0, 'SignInIdList': '', 'OutGroupCount': 0, 'OutGroupIdList': '', 'ProjectId': 460, 'CreateTime': datetime.datetime(2017, 10, 21, 6, 0, 8)}
{'Id': 152, 'Date': datetime.date(2017, 10, 20), 'InGroupCount': 5, 'InGroupIdList': '109,108,107,111,102', 'SignInCount': 0, 'SignInIdList': '', 'OutGroupCount': 1, 'OutGroupIdList': '103', 'ProjectId': 462, 'CreateTime': datetime.datetime(2017, 10, 21, 6, 0, 8)}
{'Id': 153, 'Date': datetime.date(2017, 10, 20), 'InGroupCount': 0, 'InGroupIdList': '', 'SignInCount': 0, 'SignInIdList': '', 'OutGroupCount': 0, 'OutGroupIdList': '', 'ProjectId': 464, 'CreateTime': datetime.datetime(2017, 10, 21, 6, 0, 8)}
{'Id': 154, 'Date': datetime.date(2017, 10, 20), 'InGroupCount': 0, 'InGroupIdList': '', 'SignInCount': 0, 'SignInIdList': '', 'OutGroupCount': 0, 'OutGroupIdList': '', 'ProjectId': 466, 'CreateTime': datetime.datetime(2017, 10, 21, 6, 0, 8)}
{'Id': 155, 'Date': datetime.date(2017, 10, 21), 'InGroupCount': 1, 'InGroupIdList': '104', 'SignInCount': 0, 'SignInIdList': '', 'OutGroupCount': 0, 'OutGroupIdList': '', 'ProjectId': 292, 'CreateTime': datetime.datetime(2017, 10, 22, 6, 0, 3)}
{'Id': 156, 'Date': datetime.date(2017, 10, 21), 'InGroupCount': 0, 'InGroupIdList': '', 'SignInCount': 0, 'SignInIdList': '', 'OutGroupCount': 0, 'OutGroupIdList': '', 'ProjectId': 286, 'CreateTime': datetime.datetime(2017, 10, 22, 6, 0, 3)}
{'Id': 157, 'Date': datetime.date(2017, 10, 21), 'InGroupCount': 0, 'InGroupIdList': '', 'SignInCount': 0, 'SignInIdList': '', 'OutGroupCount': 0, 'OutGroupIdList': '', 'ProjectId': 270, 'CreateTime': datetime.datetime(2017, 10, 22, 6, 0, 3)}
{'Id': 158, 'Date': datetime.date(2017, 10, 21), 'InGroupCount': 0, 'InGroupIdList': '', 'SignInCount': 0, 'SignInIdList': '', 'OutGroupCount': 0, 'OutGroupIdList': '', 'ProjectId': 272, 'CreateTime': datetime.datetime(2017, 10, 22, 6, 0, 3)}
{'Id': 159, 'Date': datetime.date(2017, 10, 21), 'InGroupCount': 0, 'InGroupIdList': '', 'SignInCount': 0, 'SignInIdList': '', 'OutGroupCount': 0, 'OutGroupIdList': '', 'ProjectId': 290, 'CreateTime': datetime.datetime(2017, 10, 22, 6, 0, 3)}
{'Id': 160, 'Date': datetime.date(2017, 10, 21), 'InGroupCount': 0, 'InGroupIdList': '', 'SignInCount': 0, 'SignInIdList': '', 'OutGroupCount': 0, 'OutGroupIdList': '', 'ProjectId': 288, 'CreateTime': datetime.datetime(2017, 10, 22, 6, 0, 3)}
{'Id': 161, 'Date': datetime.date(2017, 10, 21), 'InGroupCount': 0, 'InGroupIdList': '', 'SignInCount': 0, 'SignInIdList': '', 'OutGroupCount': 0, 'OutGroupIdList': '', 'ProjectId': 276, 'CreateTime': datetime.datetime(2017, 10, 22, 6, 0, 3)}
{'Id': 162, 'Date': datetime.date(2017, 10, 21), 'InGroupCount': 0, 'InGroupIdList': '', 'SignInCount': 0, 'SignInIdList': '', 'OutGroupCount': 0, 'OutGroupIdList': '', 'ProjectId': 460, 'CreateTime': datetime.datetime(2017, 10, 22, 6, 0, 3)}
{'Id': 163, 'Date': datetime.date(2017, 10, 21), 'InGroupCount': 5, 'InGroupIdList': '109,108,107,111,102', 'SignInCount': 0, 'SignInIdList': '', 'OutGroupCount': 1, 'OutGroupIdList': '103', 'ProjectId': 462, 'CreateTime': datetime.datetime(2017, 10, 22, 6, 0, 3)}
{'Id': 164, 'Date': datetime.date(2017, 10, 21), 'InGroupCount': 0, 'InGroupIdList': '', 'SignInCount': 0, 'SignInIdList': '', 'OutGroupCount': 0, 'OutGroupIdList': '', 'ProjectId': 464, 'CreateTime': datetime.datetime(2017, 10, 22, 6, 0, 3)}
{'Id': 165, 'Date': datetime.date(2017, 10, 21), 'InGroupCount': 0, 'InGroupIdList': '', 'SignInCount': 0, 'SignInIdList': '', 'OutGroupCount': 0, 'OutGroupIdList': '', 'ProjectId': 466, 'CreateTime': datetime.datetime(2017, 10, 22, 6, 0, 3)}
{'Id': 166, 'Date': datetime.date(2017, 10, 22), 'InGroupCount': 1, 'InGroupIdList': '104', 'SignInCount': 0, 'SignInIdList': '', 'OutGroupCount': 0, 'OutGroupIdList': '', 'ProjectId': 292, 'CreateTime': datetime.datetime(2017, 10, 23, 6, 0, 9)}
{'Id': 167, 'Date': datetime.date(2017, 10, 22), 'InGroupCount': 0, 'InGroupIdList': '', 'SignInCount': 0, 'SignInIdList': '', 'OutGroupCount': 0, 'OutGroupIdList': '', 'ProjectId': 286, 'CreateTime': datetime.datetime(2017, 10, 23, 6, 0, 9)}
{'Id': 168, 'Date': datetime.date(2017, 10, 22), 'InGroupCount': 0, 'InGroupIdList': '', 'SignInCount': 0, 'SignInIdList': '', 'OutGroupCount': 0, 'OutGroupIdList': '', 'ProjectId': 270, 'CreateTime': datetime.datetime(2017, 10, 23, 6, 0, 9)}
{'Id': 169, 'Date': datetime.date(2017, 10, 22), 'InGroupCount': 0, 'InGroupIdList': '', 'SignInCount': 0, 'SignInIdList': '', 'OutGroupCount': 0, 'OutGroupIdList': '', 'ProjectId': 272, 'CreateTime': datetime.datetime(2017, 10, 23, 6, 0, 9)}
{'Id': 170, 'Date': datetime.date(2017, 10, 22), 'InGroupCount': 0, 'InGroupIdList': '', 'SignInCount': 0, 'SignInIdList': '', 'OutGroupCount': 0, 'OutGroupIdList': '', 'ProjectId': 290, 'CreateTime': datetime.datetime(2017, 10, 23, 6, 0, 9)}
{'Id': 171, 'Date': datetime.date(2017, 10, 22), 'InGroupCount': 0, 'InGroupIdList': '', 'SignInCount': 0, 'SignInIdList': '', 'OutGroupCount': 0, 'OutGroupIdList': '', 'ProjectId': 288, 'CreateTime': datetime.datetime(2017, 10, 23, 6, 0, 9)}
{'Id': 172, 'Date': datetime.date(2017, 10, 22), 'InGroupCount': 0, 'InGroupIdList': '', 'SignInCount': 0, 'SignInIdList': '', 'OutGroupCount': 0, 'OutGroupIdList': '', 'ProjectId': 276, 'CreateTime': datetime.datetime(2017, 10, 23, 6, 0, 9)}
{'Id': 173, 'Date': datetime.date(2017, 10, 22), 'InGroupCount': 0, 'InGroupIdList': '', 'SignInCount': 0, 'SignInIdList': '', 'OutGroupCount': 0, 'OutGroupIdList': '', 'ProjectId': 460, 'CreateTime': datetime.datetime(2017, 10, 23, 6, 0, 10)}
{'Id': 174, 'Date': datetime.date(2017, 10, 22), 'InGroupCount': 5, 'InGroupIdList': '109,108,107,111,102', 'SignInCount': 0, 'SignInIdList': '', 'OutGroupCount': 1, 'OutGroupIdList': '103', 'ProjectId': 462, 'CreateTime': datetime.datetime(2017, 10, 23, 6, 0, 10)}
{'Id': 175, 'Date': datetime.date(2017, 10, 22), 'InGroupCount': 0, 'InGroupIdList': '', 'SignInCount': 0, 'SignInIdList': '', 'OutGroupCount': 0, 'OutGroupIdList': '', 'ProjectId': 464, 'CreateTime': datetime.datetime(2017, 10, 23, 6, 0, 10)}
{'Id': 176, 'Date': datetime.date(2017, 10, 22), 'InGroupCount': 0, 'InGroupIdList': '', 'SignInCount': 0, 'SignInIdList': '', 'OutGroupCount': 0, 'OutGroupIdList': '', 'ProjectId': 466, 'CreateTime': datetime.datetime(2017, 10, 23, 6, 0, 10)}
{'Id': 177, 'Date': datetime.date(2017, 10, 22), 'InGroupCount': 1, 'InGroupIdList': '104', 'SignInCount': 0, 'SignInIdList': '', 'OutGroupCount': 0, 'OutGroupIdList': '', 'ProjectId': 292, 'CreateTime': datetime.datetime(2017, 10, 23, 11, 42, 23)}
{'Id': 178, 'Date': datetime.date(2017, 10, 22), 'InGroupCount': 0, 'InGroupIdList': '', 'SignInCount': 0, 'SignInIdList': '', 'OutGroupCount': 0, 'OutGroupIdList': '', 'ProjectId': 286, 'CreateTime': datetime.datetime(2017, 10, 23, 11, 42, 23)}
{'Id': 179, 'Date': datetime.date(2017, 10, 22), 'InGroupCount': 0, 'InGroupIdList': '', 'SignInCount': 0, 'SignInIdList': '', 'OutGroupCount': 0, 'OutGroupIdList': '', 'ProjectId': 270, 'CreateTime': datetime.datetime(2017, 10, 23, 11, 42, 23)}
{'Id': 180, 'Date': datetime.date(2017, 10, 22), 'InGroupCount': 0, 'InGroupIdList': '', 'SignInCount': 0, 'SignInIdList': '', 'OutGroupCount': 0, 'OutGroupIdList': '', 'ProjectId': 272, 'CreateTime': datetime.datetime(2017, 10, 23, 11, 42, 23)}
{'Id': 181, 'Date': datetime.date(2017, 10, 22), 'InGroupCount': 0, 'InGroupIdList': '', 'SignInCount': 0, 'SignInIdList': '', 'OutGroupCount': 0, 'OutGroupIdList': '', 'ProjectId': 290, 'CreateTime': datetime.datetime(2017, 10, 23, 11, 42, 23)}
{'Id': 182, 'Date': datetime.date(2017, 10, 22), 'InGroupCount': 0, 'InGroupIdList': '', 'SignInCount': 0, 'SignInIdList': '', 'OutGroupCount': 0, 'OutGroupIdList': '', 'ProjectId': 288, 'CreateTime': datetime.datetime(2017, 10, 23, 11, 42, 23)}
{'Id': 183, 'Date': datetime.date(2017, 10, 22), 'InGroupCount': 0, 'InGroupIdList': '', 'SignInCount': 0, 'SignInIdList': '', 'OutGroupCount': 0, 'OutGroupIdList': '', 'ProjectId': 276, 'CreateTime': datetime.datetime(2017, 10, 23, 11, 42, 23)}
{'Id': 184, 'Date': datetime.date(2017, 10, 22), 'InGroupCount': 0, 'InGroupIdList': '', 'SignInCount': 0, 'SignInIdList': '', 'OutGroupCount': 0, 'OutGroupIdList': '', 'ProjectId': 460, 'CreateTime': datetime.datetime(2017, 10, 23, 11, 42, 23)}
{'Id': 185, 'Date': datetime.date(2017, 10, 22), 'InGroupCount': 5, 'InGroupIdList': '109,108,107,111,102', 'SignInCount': 0, 'SignInIdList': '', 'OutGroupCount': 1, 'OutGroupIdList': '103', 'ProjectId': 462, 'CreateTime': datetime.datetime(2017, 10, 23, 11, 42, 23)}
{'Id': 186, 'Date': datetime.date(2017, 10, 22), 'InGroupCount': 0, 'InGroupIdList': '', 'SignInCount': 0, 'SignInIdList': '', 'OutGroupCount': 0, 'OutGroupIdList': '', 'ProjectId': 464, 'CreateTime': datetime.datetime(2017, 10, 23, 11, 42, 23)}
{'Id': 187, 'Date': datetime.date(2017, 10, 22), 'InGroupCount': 0, 'InGroupIdList': '', 'SignInCount': 0, 'SignInIdList': '', 'OutGroupCount': 0, 'OutGroupIdList': '', 'ProjectId': 466, 'CreateTime': datetime.datetime(2017, 10, 23, 11, 42, 23)}
{'Id': 188, 'Date': datetime.date(2017, 10, 22), 'InGroupCount': 1, 'InGroupIdList': '104', 'SignInCount': 0, 'SignInIdList': '', 'OutGroupCount': 0, 'OutGroupIdList': '', 'ProjectId': 292, 'CreateTime': datetime.datetime(2017, 10, 23, 11, 42, 43)}
{'Id': 189, 'Date': datetime.date(2017, 10, 22), 'InGroupCount': 0, 'InGroupIdList': '', 'SignInCount': 0, 'SignInIdList': '', 'OutGroupCount': 0, 'OutGroupIdList': '', 'ProjectId': 286, 'CreateTime': datetime.datetime(2017, 10, 23, 11, 42, 43)}
{'Id': 190, 'Date': datetime.date(2017, 10, 22), 'InGroupCount': 0, 'InGroupIdList': '', 'SignInCount': 0, 'SignInIdList': '', 'OutGroupCount': 0, 'OutGroupIdList': '', 'ProjectId': 270, 'CreateTime': datetime.datetime(2017, 10, 23, 11, 42, 43)}
{'Id': 191, 'Date': datetime.date(2017, 10, 22), 'InGroupCount': 0, 'InGroupIdList': '', 'SignInCount': 0, 'SignInIdList': '', 'OutGroupCount': 0, 'OutGroupIdList': '', 'ProjectId': 272, 'CreateTime': datetime.datetime(2017, 10, 23, 11, 42, 43)}
{'Id': 192, 'Date': datetime.date(2017, 10, 22), 'InGroupCount': 0, 'InGroupIdList': '', 'SignInCount': 0, 'SignInIdList': '', 'OutGroupCount': 0, 'OutGroupIdList': '', 'ProjectId': 290, 'CreateTime': datetime.datetime(2017, 10, 23, 11, 42, 43)}
{'Id': 193, 'Date': datetime.date(2017, 10, 22), 'InGroupCount': 0, 'InGroupIdList': '', 'SignInCount': 0, 'SignInIdList': '', 'OutGroupCount': 0, 'OutGroupIdList': '', 'ProjectId': 288, 'CreateTime': datetime.datetime(2017, 10, 23, 11, 42, 43)}
{'Id': 194, 'Date': datetime.date(2017, 10, 22), 'InGroupCount': 0, 'InGroupIdList': '', 'SignInCount': 0, 'SignInIdList': '', 'OutGroupCount': 0, 'OutGroupIdList': '', 'ProjectId': 276, 'CreateTime': datetime.datetime(2017, 10, 23, 11, 42, 43)}
{'Id': 195, 'Date': datetime.date(2017, 10, 22), 'InGroupCount': 0, 'InGroupIdList': '', 'SignInCount': 0, 'SignInIdList': '', 'OutGroupCount': 0, 'OutGroupIdList': '', 'ProjectId': 460, 'CreateTime': datetime.datetime(2017, 10, 23, 11, 42, 43)}
{'Id': 196, 'Date': datetime.date(2017, 10, 22), 'InGroupCount': 5, 'InGroupIdList': '109,108,107,111,102', 'SignInCount': 0, 'SignInIdList': '', 'OutGroupCount': 1, 'OutGroupIdList': '103', 'ProjectId': 462, 'CreateTime': datetime.datetime(2017, 10, 23, 11, 42, 43)}
{'Id': 197, 'Date': datetime.date(2017, 10, 22), 'InGroupCount': 0, 'InGroupIdList': '', 'SignInCount': 0, 'SignInIdList': '', 'OutGroupCount': 0, 'OutGroupIdList': '', 'ProjectId': 464, 'CreateTime': datetime.datetime(2017, 10, 23, 11, 42, 43)}
{'Id': 198, 'Date': datetime.date(2017, 10, 22), 'InGroupCount': 0, 'InGroupIdList': '', 'SignInCount': 0, 'SignInIdList': '', 'OutGroupCount': 0, 'OutGroupIdList': '', 'ProjectId': 466, 'CreateTime': datetime.datetime(2017, 10, 23, 11, 42, 43)}
{'Id': 199, 'Date': datetime.date(2017, 10, 22), 'InGroupCount': 1, 'InGroupIdList': '104', 'SignInCount': 0, 'SignInIdList': '', 'OutGroupCount': 0, 'OutGroupIdList': '', 'ProjectId': 292, 'CreateTime': datetime.datetime(2017, 10, 23, 11, 42, 53)}
{'Id': 200, 'Date': datetime.date(2017, 10, 22), 'InGroupCount': 0, 'InGroupIdList': '', 'SignInCount': 0, 'SignInIdList': '', 'OutGroupCount': 0, 'OutGroupIdList': '', 'ProjectId': 286, 'CreateTime': datetime.datetime(2017, 10, 23, 11, 42, 53)}
{'Id': 201, 'Date': datetime.date(2017, 10, 22), 'InGroupCount': 0, 'InGroupIdList': '', 'SignInCount': 0, 'SignInIdList': '', 'OutGroupCount': 0, 'OutGroupIdList': '', 'ProjectId': 270, 'CreateTime': datetime.datetime(2017, 10, 23, 11, 42, 53)}
{'Id': 202, 'Date': datetime.date(2017, 10, 22), 'InGroupCount': 0, 'InGroupIdList': '', 'SignInCount': 0, 'SignInIdList': '', 'OutGroupCount': 0, 'OutGroupIdList': '', 'ProjectId': 272, 'CreateTime': datetime.datetime(2017, 10, 23, 11, 42, 53)}
{'Id': 203, 'Date': datetime.date(2017, 10, 22), 'InGroupCount': 0, 'InGroupIdList': '', 'SignInCount': 0, 'SignInIdList': '', 'OutGroupCount': 0, 'OutGroupIdList': '', 'ProjectId': 290, 'CreateTime': datetime.datetime(2017, 10, 23, 11, 42, 53)}
{'Id': 204, 'Date': datetime.date(2017, 10, 22), 'InGroupCount': 0, 'InGroupIdList': '', 'SignInCount': 0, 'SignInIdList': '', 'OutGroupCount': 0, 'OutGroupIdList': '', 'ProjectId': 288, 'CreateTime': datetime.datetime(2017, 10, 23, 11, 42, 53)}
{'Id': 205, 'Date': datetime.date(2017, 10, 22), 'InGroupCount': 0, 'InGroupIdList': '', 'SignInCount': 0, 'SignInIdList': '', 'OutGroupCount': 0, 'OutGroupIdList': '', 'ProjectId': 276, 'CreateTime': datetime.datetime(2017, 10, 23, 11, 42, 53)}
{'Id': 206, 'Date': datetime.date(2017, 10, 22), 'InGroupCount': 0, 'InGroupIdList': '', 'SignInCount': 0, 'SignInIdList': '', 'OutGroupCount': 0, 'OutGroupIdList': '', 'ProjectId': 460, 'CreateTime': datetime.datetime(2017, 10, 23, 11, 42, 53)}
{'Id': 207, 'Date': datetime.date(2017, 10, 22), 'InGroupCount': 5, 'InGroupIdList': '109,108,107,111,102', 'SignInCount': 0, 'SignInIdList': '', 'OutGroupCount': 1, 'OutGroupIdList': '103', 'ProjectId': 462, 'CreateTime': datetime.datetime(2017, 10, 23, 11, 42, 53)}
{'Id': 208, 'Date': datetime.date(2017, 10, 22), 'InGroupCount': 0, 'InGroupIdList': '', 'SignInCount': 0, 'SignInIdList': '', 'OutGroupCount': 0, 'OutGroupIdList': '', 'ProjectId': 464, 'CreateTime': datetime.datetime(2017, 10, 23, 11, 42, 53)}
{'Id': 209, 'Date': datetime.date(2017, 10, 22), 'InGroupCount': 0, 'InGroupIdList': '', 'SignInCount': 0, 'SignInIdList': '', 'OutGroupCount': 0, 'OutGroupIdList': '', 'ProjectId': 466, 'CreateTime': datetime.datetime(2017, 10, 23, 11, 42, 53)}
end
